# JRE version: OpenJDK Runtime Environment (11.0.10) (build 11.0.10+0-b96-7249189)
# Java VM: OpenJDK 64-Bit Server VM (11.0.10+0-b96-7249189, mixed mode, tiered, compressed oops, g1 gc, windows-amd64)
Heap:
 garbage-first heap   total 61440K, used 27316K [0x00000000c4000000, 0x0000000100000000)
  region size 1024K, 5 young (5120K), 2 survivors (2048K)
 Metaspace       used 43445K, capacity 43949K, committed 44032K, reserved 1087488K
  class space    used 5160K, capacity 5338K, committed 5376K, reserved 1048576K
GC Heap History (16 events):
Event: 2.712 GC heap before
{Heap before GC invocations=0 (full 0):
 garbage-first heap   total 61440K, used 17408K [0x00000000c4000000, 0x0000000100000000)
  region size 1024K, 14 young (14336K), 0 survivors (0K)
 Metaspace       used 9830K, capacity 9938K, committed 10112K, reserved 1058816K
  class space    used 839K, capacity 885K, committed 896K, reserved 1048576K
}
Event: 2.722 GC heap after
{Heap after GC invocations=1 (full 0):
 garbage-first heap   total 61440K, used 5193K [0x00000000c4000000, 0x0000000100000000)
  region size 1024K, 2 young (2048K), 2 survivors (2048K)
 Metaspace       used 9830K, capacity 9938K, committed 10112K, reserved 1058816K
  class space    used 839K, capacity 885K, committed 896K, reserved 1048576K
}
Event: 6.365 GC heap before
{Heap before GC invocations=1 (full 0):
 garbage-first heap   total 61440K, used 40009K [0x00000000c4000000, 0x0000000100000000)
  region size 1024K, 36 young (36864K), 2 survivors (2048K)
 Metaspace       used 18173K, capacity 18414K, committed 18560K, reserved 1067008K
  class space    used 1823K, capacity 1909K, committed 1920K, reserved 1048576K
}
Event: 6.376 GC heap after
{Heap after GC invocations=2 (full 0):
 garbage-first heap   total 61440K, used 8594K [0x00000000c4000000, 0x0000000100000000)
  region size 1024K, 5 young (5120K), 5 survivors (5120K)
 Metaspace       used 18173K, capacity 18414K, committed 18560K, reserved 1067008K
  class space    used 1823K, capacity 1909K, committed 1920K, reserved 1048576K
}
Event: 7.297 GC heap before
{Heap before GC invocations=2 (full 0):
 garbage-first heap   total 61440K, used 17810K [0x00000000c4000000, 0x0000000100000000)
  region size 1024K, 15 young (15360K), 5 survivors (5120K)
 Metaspace       used 20892K, capacity 21118K, committed 21248K, reserved 1069056K
  class space    used 2198K, capacity 2280K, committed 2304K, reserved 1048576K
}
Event: 7.313 GC heap after
{Heap after GC invocations=3 (full 0):
 garbage-first heap   total 61440K, used 9242K [0x00000000c4000000, 0x0000000100000000)
  region size 1024K, 1 young (1024K), 1 survivors (1024K)
 Metaspace       used 20892K, capacity 21118K, committed 21248K, reserved 1069056K
  class space    used 2198K, capacity 2280K, committed 2304K, reserved 1048576K
}
Event: 9.195 GC heap before
{Heap before GC invocations=4 (full 0):
 garbage-first heap   total 61440K, used 33818K [0x00000000c4000000, 0x0000000100000000)
  region size 1024K, 23 young (23552K), 1 survivors (1024K)
 Metaspace       used 27580K, capacity 27996K, committed 28288K, reserved 1075200K
  class space    used 2965K, capacity 3138K, committed 3200K, reserved 1048576K
}
Event: 9.203 GC heap after
{Heap after GC invocations=5 (full 0):
 garbage-first heap   total 61440K, used 13893K [0x00000000c4000000, 0x0000000100000000)
  region size 1024K, 3 young (3072K), 3 survivors (3072K)
 Metaspace       used 27580K, capacity 27996K, committed 28288K, reserved 1075200K
  class space    used 2965K, capacity 3138K, committed 3200K, reserved 1048576K
}
Event: 11.813 GC heap before
{Heap before GC invocations=5 (full 0):
 garbage-first heap   total 61440K, used 37445K [0x00000000c4000000, 0x0000000100000000)
  region size 1024K, 25 young (25600K), 3 survivors (3072K)
 Metaspace       used 31642K, capacity 32079K, committed 32384K, reserved 1077248K
  class space    used 3938K, capacity 4116K, committed 4224K, reserved 1048576K
}
Event: 11.825 GC heap after
{Heap after GC invocations=6 (full 0):
 garbage-first heap   total 61440K, used 19928K [0x00000000c4000000, 0x0000000100000000)
  region size 1024K, 4 young (4096K), 4 survivors (4096K)
 Metaspace       used 31642K, capacity 32079K, committed 32384K, reserved 1077248K
  class space    used 3938K, capacity 4116K, committed 4224K, reserved 1048576K
}
Event: 13.294 GC heap before
{Heap before GC invocations=6 (full 0):
 garbage-first heap   total 61440K, used 34264K [0x00000000c4000000, 0x0000000100000000)
  region size 1024K, 19 young (19456K), 4 survivors (4096K)
 Metaspace       used 35003K, capacity 35423K, committed 35584K, reserved 1081344K
  class space    used 4320K, capacity 4506K, committed 4608K, reserved 1048576K
}
Event: 13.307 GC heap after
{Heap after GC invocations=7 (full 0):
 garbage-first heap   total 61440K, used 21657K [0x00000000c4000000, 0x0000000100000000)
  region size 1024K, 2 young (2048K), 2 survivors (2048K)
 Metaspace       used 35003K, capacity 35423K, committed 35584K, reserved 1081344K
  class space    used 4320K, capacity 4506K, committed 4608K, reserved 1048576K
}
Event: 14.782 GC heap before
{Heap before GC invocations=8 (full 0):
 garbage-first heap   total 61440K, used 39065K [0x00000000c4000000, 0x0000000100000000)
  region size 1024K, 20 young (20480K), 2 survivors (2048K)
 Metaspace       used 38425K, capacity 38845K, committed 38912K, reserved 1083392K
  class space    used 4652K, capacity 4833K, committed 4864K, reserved 1048576K
}
Event: 14.788 GC heap after
{Heap after GC invocations=9 (full 0):
 garbage-first heap   total 61440K, used 23368K [0x00000000c4000000, 0x0000000100000000)
  region size 1024K, 3 young (3072K), 3 survivors (3072K)
 Metaspace       used 38425K, capacity 38845K, committed 38912K, reserved 1083392K
  class space    used 4652K, capacity 4833K, committed 4864K, reserved 1048576K
}
Event: 16.376 GC heap before
{Heap before GC invocations=9 (full 0):
 garbage-first heap   total 61440K, used 41800K [0x00000000c4000000, 0x0000000100000000)
  region size 1024K, 21 young (21504K), 3 survivors (3072K)
 Metaspace       used 42633K, capacity 43067K, committed 43264K, reserved 1087488K
  class space    used 5081K, capacity 5258K, committed 5376K, reserved 1048576K
}
Event: 16.383 GC heap after
{Heap after GC invocations=10 (full 0):
 garbage-first heap   total 61440K, used 25268K [0x00000000c4000000, 0x0000000100000000)
  region size 1024K, 2 young (2048K), 2 survivors (2048K)
 Metaspace       used 42633K, capacity 43067K, committed 43264K, reserved 1087488K
  class space    used 5081K, capacity 5258K, committed 5376K, reserved 1048576K
}

